<?xml version="1.0" encoding="UTF-8"?>
<!-- Generated by org.testng.reporters.JUnitXMLReporter -->
<testsuite hostname="200411LTP0267" ignored="4" name="Test" tests="3" failures="2" timestamp="04 Mar 2018 04:00:04 GMT" time="145.447" errors="0">
  <testcase name="createLead" time="22.92" classname="testcases.TC003_CreateLead"/>
  <testcase name="editLead" time="22.17" classname="testcases.TC004_EditLead">
    <failure type="java.lang.NullPointerException">
      <![CDATA[java.lang.NullPointerExceptionat java.lang.String.contains(String.java:2120)at wdMethods.SeMethods.verifyPartialText(SeMethods.java:306)at pages.ViewLeadPage.verifyCompanyName(ViewLeadPage.java:57)at testcases.TC004_EditLead.editLead(TC004_EditLead.java:55)... Removed 25 stack frames]]>
    </failure>
  </testcase> <!-- editLead -->
  <testcase name="editLead" time="75.581" classname="testcases.TC004_EditLead">
    <failure type="java.lang.RuntimeException" message="FAILED">
      <![CDATA[java.lang.RuntimeException: FAILEDat utils.Reporter.reportStep(Reporter.java:54)at utils.Reporter.reportStep(Reporter.java:70)at wdMethods.SeMethods.click(SeMethods.java:172)at pages.FindLeadPage.clickLeadForEdit(FindLeadPage.java:78)at testcases.TC004_EditLead.editLead(TC004_EditLead.java:51)... Removed 25 stack frames]]>
    </failure>
  </testcase> <!-- editLead -->
  <testcase name="@BeforeTest beforeTest" time="0.0" classname="wdMethods.ProjectMethods">
    <ignored/>
  </testcase> <!-- @BeforeTest beforeTest -->
  <testcase name="@AfterTest afterTest" time="0.0" classname="wdMethods.ProjectMethods">
    <ignored/>
  </testcase> <!-- @AfterTest afterTest -->
  <testcase name="@BeforeSuite beforeSuite" time="0.0" classname="wdMethods.ProjectMethods">
    <ignored/>
  </testcase> <!-- @BeforeSuite beforeSuite -->
  <testcase name="@AfterSuite afterSuite" time="0.0" classname="wdMethods.ProjectMethods">
    <ignored/>
  </testcase> <!-- @AfterSuite afterSuite -->
</testsuite> <!-- Test -->
